This file contains any messages produced by compilers while
running configure, to aid debugging if configure makes a mistake.

It was created by zad2 configure 1.0, which was
generated by GNU Autoconf 2.68.  Invocation command line was

  $ ./configure --with-handler=sigaction

## --------- ##
## Platform. ##
## --------- ##

hostname = turu.linux
uname -m = x86_64
uname -r = 3.7.3-101.fc17.x86_64
uname -s = Linux
uname -v = #1 SMP Fri Jan 18 17:40:57 UTC 2013

/usr/bin/uname -p = x86_64
/bin/uname -X     = unknown

/bin/arch              = x86_64
/usr/bin/arch -k       = unknown
/usr/convex/getsysinfo = unknown
/usr/bin/hostinfo      = unknown
/bin/machine           = unknown
/usr/bin/oslevel       = unknown
/bin/universe          = unknown

PATH: /usr/lib64/qt-3.3/bin
PATH: /usr/local/bin
PATH: /usr/bin
PATH: /bin
PATH: /usr/local/sbin
PATH: /usr/sbin
PATH: /home/turu/.local/bin
PATH: /home/turu/bin
PATH: /opt/idea/idea-IU-123.155/bin
PATH: /opt/pycharm-2.7.1/bin


## ----------- ##
## Core tests. ##
## ----------- ##

configure:2221: checking for a BSD-compatible install
configure:2289: result: /usr/bin/install -c
configure:2300: checking whether build environment is sane
configure:2350: result: yes
configure:2491: checking for a thread-safe mkdir -p
configure:2530: result: /usr/bin/mkdir -p
configure:2543: checking for gawk
configure:2559: found /usr/bin/gawk
configure:2570: result: gawk
configure:2581: checking whether make sets $(MAKE)
configure:2603: result: yes
configure:2698: checking for style of include used by make
configure:2726: result: GNU
configure:2797: checking for gcc
configure:2813: found /usr/bin/gcc
configure:2824: result: gcc
configure:3053: checking for C compiler version
configure:3062: gcc --version >&5
gcc (GCC) 4.7.2 20120921 (Red Hat 4.7.2-2)
Copyright (C) 2012 Free Software Foundation, Inc.
This is free software; see the source for copying conditions.  There is NO
warranty; not even for MERCHANTABILITY or FITNESS FOR A PARTICULAR PURPOSE.

configure:3073: $? = 0
configure:3062: gcc -v >&5
Using built-in specs.
COLLECT_GCC=gcc
COLLECT_LTO_WRAPPER=/usr/libexec/gcc/x86_64-redhat-linux/4.7.2/lto-wrapper
Target: x86_64-redhat-linux
Configured with: ../configure --prefix=/usr --mandir=/usr/share/man --infodir=/usr/share/info --with-bugurl=http://bugzilla.redhat.com/bugzilla --enable-bootstrap --enable-shared --enable-threads=posix --enable-checking=release --disable-build-with-cxx --disable-build-poststage1-with-cxx --with-system-zlib --enable-__cxa_atexit --disable-libunwind-exceptions --enable-gnu-unique-object --enable-linker-build-id --with-linker-hash-style=gnu --enable-languages=c,c++,objc,obj-c++,java,fortran,ada,go,lto --enable-plugin --enable-initfini-array --enable-java-awt=gtk --disable-dssi --with-java-home=/usr/lib/jvm/java-1.5.0-gcj-1.5.0.0/jre --enable-libgcj-multifile --enable-java-maintainer-mode --with-ecj-jar=/usr/share/java/eclipse-ecj.jar --disable-libjava-multilib --with-ppl --with-cloog --with-tune=generic --with-arch_32=i686 --build=x86_64-redhat-linux
Thread model: posix
gcc version 4.7.2 20120921 (Red Hat 4.7.2-2) (GCC) 
configure:3073: $? = 0
configure:3062: gcc -V >&5
gcc: error: unrecognized command line option '-V'
gcc: fatal error: no input files
compilation terminated.
configure:3073: $? = 4
configure:3062: gcc -qversion >&5
gcc: error: unrecognized command line option '-qversion'
gcc: fatal error: no input files
compilation terminated.
configure:3073: $? = 4
configure:3093: checking whether the C compiler works
configure:3115: gcc    conftest.c  >&5
configure:3119: $? = 0
configure:3167: result: yes
configure:3170: checking for C compiler default output file name
configure:3172: result: a.out
configure:3178: checking for suffix of executables
configure:3185: gcc -o conftest    conftest.c  >&5
configure:3189: $? = 0
configure:3211: result: 
configure:3233: checking whether we are cross compiling
configure:3241: gcc -o conftest    conftest.c  >&5
configure:3245: $? = 0
configure:3252: ./conftest
configure:3256: $? = 0
configure:3271: result: no
configure:3276: checking for suffix of object files
configure:3298: gcc -c   conftest.c >&5
configure:3302: $? = 0
configure:3323: result: o
configure:3327: checking whether we are using the GNU C compiler
configure:3346: gcc -c   conftest.c >&5
configure:3346: $? = 0
configure:3355: result: yes
configure:3364: checking whether gcc accepts -g
configure:3384: gcc -c -g  conftest.c >&5
configure:3384: $? = 0
configure:3425: result: yes
configure:3442: checking for gcc option to accept ISO C89
configure:3506: gcc  -c -g -O2  conftest.c >&5
configure:3506: $? = 0
configure:3519: result: none needed
configure:3541: checking dependency style of gcc
configure:3652: result: gcc3
configure:3668: checking whether gcc and cc understand -c and -o together
configure:3699: gcc -c conftest.c -o conftest2.o >&5
configure:3703: $? = 0
configure:3709: gcc -c conftest.c -o conftest2.o >&5
configure:3713: $? = 0
configure:3724: cc -c conftest.c >&5
configure:3728: $? = 0
configure:3736: cc -c conftest.c -o conftest2.o >&5
configure:3740: $? = 0
configure:3746: cc -c conftest.c -o conftest2.o >&5
configure:3750: $? = 0
configure:3768: result: yes
configure:3801: result: Yes
configure:3825: checking how to run the C preprocessor
configure:3856: gcc -E  conftest.c
configure:3856: $? = 0
configure:3870: gcc -E  conftest.c
conftest.c:12:28: fatal error: ac_nonexistent.h: No such file or directory
compilation terminated.
configure:3870: $? = 1
configure: failed program was:
| /* confdefs.h */
| #define PACKAGE_NAME "zad2"
| #define PACKAGE_TARNAME "zad2"
| #define PACKAGE_VERSION "1.0"
| #define PACKAGE_STRING "zad2 1.0"
| #define PACKAGE_BUGREPORT "pturek@student.agh.edu.pl"
| #define PACKAGE_URL ""
| #define PACKAGE "zad2"
| #define VERSION "1.0"
| #define SIGACTION /**/
| /* end confdefs.h.  */
| #include <ac_nonexistent.h>
configure:3895: result: gcc -E
configure:3915: gcc -E  conftest.c
configure:3915: $? = 0
configure:3929: gcc -E  conftest.c
conftest.c:12:28: fatal error: ac_nonexistent.h: No such file or directory
compilation terminated.
configure:3929: $? = 1
configure: failed program was:
| /* confdefs.h */
| #define PACKAGE_NAME "zad2"
| #define PACKAGE_TARNAME "zad2"
| #define PACKAGE_VERSION "1.0"
| #define PACKAGE_STRING "zad2 1.0"
| #define PACKAGE_BUGREPORT "pturek@student.agh.edu.pl"
| #define PACKAGE_URL ""
| #define PACKAGE "zad2"
| #define VERSION "1.0"
| #define SIGACTION /**/
| /* end confdefs.h.  */
| #include <ac_nonexistent.h>
configure:3958: checking for grep that handles long lines and -e
configure:4016: result: /usr/bin/grep
configure:4021: checking for egrep
configure:4083: result: /usr/bin/grep -E
configure:4088: checking for ANSI C header files
configure:4108: gcc -c -g -O2  conftest.c >&5
configure:4108: $? = 0
configure:4181: gcc -o conftest -g -O2   conftest.c  >&5
configure:4181: $? = 0
configure:4181: ./conftest
configure:4181: $? = 0
configure:4192: result: yes
configure:4205: checking for sys/types.h
configure:4205: gcc -c -g -O2  conftest.c >&5
configure:4205: $? = 0
configure:4205: result: yes
configure:4205: checking for sys/stat.h
configure:4205: gcc -c -g -O2  conftest.c >&5
configure:4205: $? = 0
configure:4205: result: yes
configure:4205: checking for stdlib.h
configure:4205: gcc -c -g -O2  conftest.c >&5
configure:4205: $? = 0
configure:4205: result: yes
configure:4205: checking for string.h
configure:4205: gcc -c -g -O2  conftest.c >&5
configure:4205: $? = 0
configure:4205: result: yes
configure:4205: checking for memory.h
configure:4205: gcc -c -g -O2  conftest.c >&5
configure:4205: $? = 0
configure:4205: result: yes
configure:4205: checking for strings.h
configure:4205: gcc -c -g -O2  conftest.c >&5
configure:4205: $? = 0
configure:4205: result: yes
configure:4205: checking for inttypes.h
configure:4205: gcc -c -g -O2  conftest.c >&5
configure:4205: $? = 0
configure:4205: result: yes
configure:4205: checking for stdint.h
configure:4205: gcc -c -g -O2  conftest.c >&5
configure:4205: $? = 0
configure:4205: result: yes
configure:4205: checking for unistd.h
configure:4205: gcc -c -g -O2  conftest.c >&5
configure:4205: $? = 0
configure:4205: result: yes
configure:4219: checking for stdlib.h
configure:4219: result: yes
configure:4231: checking for pid_t
configure:4231: gcc -c -g -O2  conftest.c >&5
configure:4231: $? = 0
configure:4231: gcc -c -g -O2  conftest.c >&5
conftest.c: In function 'main':
conftest.c:59:20: error: expected expression before ')' token
configure:4231: $? = 1
configure: failed program was:
| /* confdefs.h */
| #define PACKAGE_NAME "zad2"
| #define PACKAGE_TARNAME "zad2"
| #define PACKAGE_VERSION "1.0"
| #define PACKAGE_STRING "zad2 1.0"
| #define PACKAGE_BUGREPORT "pturek@student.agh.edu.pl"
| #define PACKAGE_URL ""
| #define PACKAGE "zad2"
| #define VERSION "1.0"
| #define SIGACTION /**/
| #define STDC_HEADERS 1
| #define HAVE_SYS_TYPES_H 1
| #define HAVE_SYS_STAT_H 1
| #define HAVE_STDLIB_H 1
| #define HAVE_STRING_H 1
| #define HAVE_MEMORY_H 1
| #define HAVE_STRINGS_H 1
| #define HAVE_INTTYPES_H 1
| #define HAVE_STDINT_H 1
| #define HAVE_UNISTD_H 1
| #define HAVE_STDLIB_H 1
| /* end confdefs.h.  */
| #include <stdio.h>
| #ifdef HAVE_SYS_TYPES_H
| # include <sys/types.h>
| #endif
| #ifdef HAVE_SYS_STAT_H
| # include <sys/stat.h>
| #endif
| #ifdef STDC_HEADERS
| # include <stdlib.h>
| # include <stddef.h>
| #else
| # ifdef HAVE_STDLIB_H
| #  include <stdlib.h>
| # endif
| #endif
| #ifdef HAVE_STRING_H
| # if !defined STDC_HEADERS && defined HAVE_MEMORY_H
| #  include <memory.h>
| # endif
| # include <string.h>
| #endif
| #ifdef HAVE_STRINGS_H
| # include <strings.h>
| #endif
| #ifdef HAVE_INTTYPES_H
| # include <inttypes.h>
| #endif
| #ifdef HAVE_STDINT_H
| # include <stdint.h>
| #endif
| #ifdef HAVE_UNISTD_H
| # include <unistd.h>
| #endif
| int
| main ()
| {
| if (sizeof ((pid_t)))
| 	    return 0;
|   ;
|   return 0;
| }
configure:4231: result: yes
configure:4246: checking vfork.h usability
configure:4246: gcc -c -g -O2  conftest.c >&5
conftest.c:56:19: fatal error: vfork.h: No such file or directory
compilation terminated.
configure:4246: $? = 1
configure: failed program was:
| /* confdefs.h */
| #define PACKAGE_NAME "zad2"
| #define PACKAGE_TARNAME "zad2"
| #define PACKAGE_VERSION "1.0"
| #define PACKAGE_STRING "zad2 1.0"
| #define PACKAGE_BUGREPORT "pturek@student.agh.edu.pl"
| #define PACKAGE_URL ""
| #define PACKAGE "zad2"
| #define VERSION "1.0"
| #define SIGACTION /**/
| #define STDC_HEADERS 1
| #define HAVE_SYS_TYPES_H 1
| #define HAVE_SYS_STAT_H 1
| #define HAVE_STDLIB_H 1
| #define HAVE_STRING_H 1
| #define HAVE_MEMORY_H 1
| #define HAVE_STRINGS_H 1
| #define HAVE_INTTYPES_H 1
| #define HAVE_STDINT_H 1
| #define HAVE_UNISTD_H 1
| #define HAVE_STDLIB_H 1
| /* end confdefs.h.  */
| #include <stdio.h>
| #ifdef HAVE_SYS_TYPES_H
| # include <sys/types.h>
| #endif
| #ifdef HAVE_SYS_STAT_H
| # include <sys/stat.h>
| #endif
| #ifdef STDC_HEADERS
| # include <stdlib.h>
| # include <stddef.h>
| #else
| # ifdef HAVE_STDLIB_H
| #  include <stdlib.h>
| # endif
| #endif
| #ifdef HAVE_STRING_H
| # if !defined STDC_HEADERS && defined HAVE_MEMORY_H
| #  include <memory.h>
| # endif
| # include <string.h>
| #endif
| #ifdef HAVE_STRINGS_H
| # include <strings.h>
| #endif
| #ifdef HAVE_INTTYPES_H
| # include <inttypes.h>
| #endif
| #ifdef HAVE_STDINT_H
| # include <stdint.h>
| #endif
| #ifdef HAVE_UNISTD_H
| # include <unistd.h>
| #endif
| #include <vfork.h>
configure:4246: result: no
configure:4246: checking vfork.h presence
configure:4246: gcc -E  conftest.c
conftest.c:23:19: fatal error: vfork.h: No such file or directory
compilation terminated.
configure:4246: $? = 1
configure: failed program was:
| /* confdefs.h */
| #define PACKAGE_NAME "zad2"
| #define PACKAGE_TARNAME "zad2"
| #define PACKAGE_VERSION "1.0"
| #define PACKAGE_STRING "zad2 1.0"
| #define PACKAGE_BUGREPORT "pturek@student.agh.edu.pl"
| #define PACKAGE_URL ""
| #define PACKAGE "zad2"
| #define VERSION "1.0"
| #define SIGACTION /**/
| #define STDC_HEADERS 1
| #define HAVE_SYS_TYPES_H 1
| #define HAVE_SYS_STAT_H 1
| #define HAVE_STDLIB_H 1
| #define HAVE_STRING_H 1
| #define HAVE_MEMORY_H 1
| #define HAVE_STRINGS_H 1
| #define HAVE_INTTYPES_H 1
| #define HAVE_STDINT_H 1
| #define HAVE_UNISTD_H 1
| #define HAVE_STDLIB_H 1
| /* end confdefs.h.  */
| #include <vfork.h>
configure:4246: result: no
configure:4246: checking for vfork.h
configure:4246: result: no
configure:4259: checking for fork
configure:4259: gcc -o conftest -g -O2   conftest.c  >&5
conftest.c:46:6: warning: conflicting types for built-in function 'fork' [enabled by default]
configure:4259: $? = 0
configure:4259: result: yes
configure:4259: checking for vfork
configure:4259: gcc -o conftest -g -O2   conftest.c  >&5
configure:4259: $? = 0
configure:4259: result: yes
configure:4269: checking for working fork
configure:4291: gcc -o conftest -g -O2   conftest.c  >&5
configure:4291: $? = 0
configure:4291: ./conftest
configure:4291: $? = 0
configure:4301: result: yes
configure:4322: checking for working vfork
configure:4432: result: yes
configure:4459: checking for stdlib.h
configure:4459: result: yes
configure:4469: checking for GNU libc compatible malloc
configure:4493: gcc -o conftest -g -O2   conftest.c  >&5
configure:4493: $? = 0
configure:4493: ./conftest
configure:4493: $? = 0
configure:4503: result: yes
configure:4658: creating ./config.status

## ---------------------- ##
## Running config.status. ##
## ---------------------- ##

This file was extended by zad2 config.status 1.0, which was
generated by GNU Autoconf 2.68.  Invocation command line was

  CONFIG_FILES    = 
  CONFIG_HEADERS  = 
  CONFIG_LINKS    = 
  CONFIG_COMMANDS = 
  $ ./config.status 

on turu.linux

config.status:868: creating Makefile
config.status:868: creating config.h
config.status:1097: executing depfiles commands

## ---------------- ##
## Cache variables. ##
## ---------------- ##

ac_cv_c_compiler_gnu=yes
ac_cv_env_CC_set=
ac_cv_env_CC_value=
ac_cv_env_CFLAGS_set=
ac_cv_env_CFLAGS_value=
ac_cv_env_CPPFLAGS_set=
ac_cv_env_CPPFLAGS_value=
ac_cv_env_CPP_set=
ac_cv_env_CPP_value=
ac_cv_env_LDFLAGS_set=
ac_cv_env_LDFLAGS_value=
ac_cv_env_LIBS_set=
ac_cv_env_LIBS_value=
ac_cv_env_build_alias_set=
ac_cv_env_build_alias_value=
ac_cv_env_host_alias_set=
ac_cv_env_host_alias_value=
ac_cv_env_target_alias_set=
ac_cv_env_target_alias_value=
ac_cv_func_fork=yes
ac_cv_func_fork_works=yes
ac_cv_func_malloc_0_nonnull=yes
ac_cv_func_vfork=yes
ac_cv_func_vfork_works=yes
ac_cv_header_inttypes_h=yes
ac_cv_header_memory_h=yes
ac_cv_header_stdc=yes
ac_cv_header_stdint_h=yes
ac_cv_header_stdlib_h=yes
ac_cv_header_string_h=yes
ac_cv_header_strings_h=yes
ac_cv_header_sys_stat_h=yes
ac_cv_header_sys_types_h=yes
ac_cv_header_unistd_h=yes
ac_cv_header_vfork_h=no
ac_cv_objext=o
ac_cv_path_EGREP='/usr/bin/grep -E'
ac_cv_path_GREP=/usr/bin/grep
ac_cv_path_install='/usr/bin/install -c'
ac_cv_path_mkdir=/usr/bin/mkdir
ac_cv_prog_AWK=gawk
ac_cv_prog_CPP='gcc -E'
ac_cv_prog_ac_ct_CC=gcc
ac_cv_prog_cc_c89=
ac_cv_prog_cc_g=yes
ac_cv_prog_cc_gcc_c_o=yes
ac_cv_prog_make_make_set=yes
ac_cv_type_pid_t=yes
am_cv_CC_dependencies_compiler_type=gcc3

## ----------------- ##
## Output variables. ##
## ----------------- ##

ACLOCAL='${SHELL} /home/turu/sysopy/lab/cw05/zad2/missing --run aclocal-1.11'
AMDEPBACKSLASH='\'
AMDEP_FALSE='#'
AMDEP_TRUE=''
AMTAR='$${TAR-tar}'
AUTOCONF='${SHELL} /home/turu/sysopy/lab/cw05/zad2/missing --run autoconf'
AUTOHEADER='${SHELL} /home/turu/sysopy/lab/cw05/zad2/missing --run autoheader'
AUTOMAKE='${SHELL} /home/turu/sysopy/lab/cw05/zad2/missing --run automake-1.11'
AWK='gawk'
CC='gcc'
CCDEPMODE='depmode=gcc3'
CFLAGS='-g -O2'
CPP='gcc -E'
CPPFLAGS=''
CYGPATH_W='echo'
DEFS='-DHAVE_CONFIG_H'
DEPDIR='.deps'
ECHO_C=''
ECHO_N='-n'
ECHO_T=''
EGREP='/usr/bin/grep -E'
EXEEXT=''
GREP='/usr/bin/grep'
INSTALL_DATA='${INSTALL} -m 644'
INSTALL_PROGRAM='${INSTALL}'
INSTALL_SCRIPT='${INSTALL}'
INSTALL_STRIP_PROGRAM='$(install_sh) -c -s'
LDFLAGS=''
LIBOBJS=''
LIBS=''
LTLIBOBJS=''
MAKEINFO='${SHELL} /home/turu/sysopy/lab/cw05/zad2/missing --run makeinfo'
MKDIR_P='/usr/bin/mkdir -p'
OBJEXT='o'
PACKAGE='zad2'
PACKAGE_BUGREPORT='pturek@student.agh.edu.pl'
PACKAGE_NAME='zad2'
PACKAGE_STRING='zad2 1.0'
PACKAGE_TARNAME='zad2'
PACKAGE_URL=''
PACKAGE_VERSION='1.0'
PATH_SEPARATOR=':'
SET_MAKE=''
SHELL='/bin/sh'
STRIP=''
VERSION='1.0'
ac_ct_CC='gcc'
am__EXEEXT_FALSE=''
am__EXEEXT_TRUE='#'
am__fastdepCC_FALSE='#'
am__fastdepCC_TRUE=''
am__include='include'
am__isrc=''
am__leading_dot='.'
am__nodep='_no'
am__quote=''
am__tar='$${TAR-tar} chof - "$$tardir"'
am__untar='$${TAR-tar} xf -'
bindir='${exec_prefix}/bin'
build_alias=''
datadir='${datarootdir}'
datarootdir='${prefix}/share'
docdir='${datarootdir}/doc/${PACKAGE_TARNAME}'
dvidir='${docdir}'
exec_prefix='${prefix}'
host_alias=''
htmldir='${docdir}'
includedir='${prefix}/include'
infodir='${datarootdir}/info'
install_sh='${SHELL} /home/turu/sysopy/lab/cw05/zad2/install-sh'
libdir='${exec_prefix}/lib'
libexecdir='${exec_prefix}/libexec'
localedir='${datarootdir}/locale'
localstatedir='${prefix}/var'
mandir='${datarootdir}/man'
mkdir_p='/usr/bin/mkdir -p'
oldincludedir='/usr/include'
pdfdir='${docdir}'
prefix='/usr/local'
program_transform_name='s,x,x,'
psdir='${docdir}'
sbindir='${exec_prefix}/sbin'
sharedstatedir='${prefix}/com'
sysconfdir='${prefix}/etc'
target_alias=''

## ----------- ##
## confdefs.h. ##
## ----------- ##

/* confdefs.h */
#define PACKAGE_NAME "zad2"
#define PACKAGE_TARNAME "zad2"
#define PACKAGE_VERSION "1.0"
#define PACKAGE_STRING "zad2 1.0"
#define PACKAGE_BUGREPORT "pturek@student.agh.edu.pl"
#define PACKAGE_URL ""
#define PACKAGE "zad2"
#define VERSION "1.0"
#define SIGACTION /**/
#define STDC_HEADERS 1
#define HAVE_SYS_TYPES_H 1
#define HAVE_SYS_STAT_H 1
#define HAVE_STDLIB_H 1
#define HAVE_STRING_H 1
#define HAVE_MEMORY_H 1
#define HAVE_STRINGS_H 1
#define HAVE_INTTYPES_H 1
#define HAVE_STDINT_H 1
#define HAVE_UNISTD_H 1
#define HAVE_STDLIB_H 1
#define HAVE_FORK 1
#define HAVE_VFORK 1
#define HAVE_WORKING_VFORK 1
#define HAVE_WORKING_FORK 1
#define HAVE_STDLIB_H 1
#define HAVE_MALLOC 1

configure: exit 0
