This file contains any messages produced by compilers while
running configure, to aid debugging if configure makes a mistake.

It was created by mymem configure 1.0, which was
generated by GNU Autoconf 2.68.  Invocation command line was

  $ ./configure 

## --------- ##
## Platform. ##
## --------- ##

hostname = turu.linux
uname -m = x86_64
uname -r = 3.7.3-101.fc17.x86_64
uname -s = Linux
uname -v = #1 SMP Fri Jan 18 17:40:57 UTC 2013

/usr/bin/uname -p = x86_64
/bin/uname -X     = unknown

/bin/arch              = x86_64
/usr/bin/arch -k       = unknown
/usr/convex/getsysinfo = unknown
/usr/bin/hostinfo      = unknown
/bin/machine           = unknown
/usr/bin/oslevel       = unknown
/bin/universe          = unknown

PATH: /usr/lib64/qt-3.3/bin
PATH: /usr/local/bin
PATH: /usr/bin
PATH: /bin
PATH: /usr/local/sbin
PATH: /usr/sbin
PATH: /home/turu/.local/bin
PATH: /home/turu/bin
PATH: /opt/idea/idea-IU-123.155/bin
PATH: /opt/pycharm-2.7.1/bin


## ----------- ##
## Core tests. ##
## ----------- ##

configure:2290: checking for gcc
configure:2306: found /usr/bin/gcc
configure:2317: result: gcc
configure:2546: checking for C compiler version
configure:2555: gcc --version >&5
gcc (GCC) 4.7.2 20120921 (Red Hat 4.7.2-2)
Copyright (C) 2012 Free Software Foundation, Inc.
This is free software; see the source for copying conditions.  There is NO
warranty; not even for MERCHANTABILITY or FITNESS FOR A PARTICULAR PURPOSE.

configure:2566: $? = 0
configure:2555: gcc -v >&5
Using built-in specs.
COLLECT_GCC=gcc
COLLECT_LTO_WRAPPER=/usr/libexec/gcc/x86_64-redhat-linux/4.7.2/lto-wrapper
Target: x86_64-redhat-linux
Configured with: ../configure --prefix=/usr --mandir=/usr/share/man --infodir=/usr/share/info --with-bugurl=http://bugzilla.redhat.com/bugzilla --enable-bootstrap --enable-shared --enable-threads=posix --enable-checking=release --disable-build-with-cxx --disable-build-poststage1-with-cxx --with-system-zlib --enable-__cxa_atexit --disable-libunwind-exceptions --enable-gnu-unique-object --enable-linker-build-id --with-linker-hash-style=gnu --enable-languages=c,c++,objc,obj-c++,java,fortran,ada,go,lto --enable-plugin --enable-initfini-array --enable-java-awt=gtk --disable-dssi --with-java-home=/usr/lib/jvm/java-1.5.0-gcj-1.5.0.0/jre --enable-libgcj-multifile --enable-java-maintainer-mode --with-ecj-jar=/usr/share/java/eclipse-ecj.jar --disable-libjava-multilib --with-ppl --with-cloog --with-tune=generic --with-arch_32=i686 --build=x86_64-redhat-linux
Thread model: posix
gcc version 4.7.2 20120921 (Red Hat 4.7.2-2) (GCC) 
configure:2566: $? = 0
configure:2555: gcc -V >&5
gcc: error: unrecognized command line option '-V'
gcc: fatal error: no input files
compilation terminated.
configure:2566: $? = 4
configure:2555: gcc -qversion >&5
gcc: error: unrecognized command line option '-qversion'
gcc: fatal error: no input files
compilation terminated.
configure:2566: $? = 4
configure:2586: checking whether the C compiler works
configure:2608: gcc    conftest.c  >&5
configure:2612: $? = 0
configure:2660: result: yes
configure:2663: checking for C compiler default output file name
configure:2665: result: a.out
configure:2671: checking for suffix of executables
configure:2678: gcc -o conftest    conftest.c  >&5
configure:2682: $? = 0
configure:2704: result: 
configure:2726: checking whether we are cross compiling
configure:2734: gcc -o conftest    conftest.c  >&5
configure:2738: $? = 0
configure:2745: ./conftest
configure:2749: $? = 0
configure:2764: result: no
configure:2769: checking for suffix of object files
configure:2791: gcc -c   conftest.c >&5
configure:2795: $? = 0
configure:2816: result: o
configure:2820: checking whether we are using the GNU C compiler
configure:2839: gcc -c   conftest.c >&5
configure:2839: $? = 0
configure:2848: result: yes
configure:2857: checking whether gcc accepts -g
configure:2877: gcc -c -g  conftest.c >&5
configure:2877: $? = 0
configure:2918: result: yes
configure:2935: checking for gcc option to accept ISO C89
configure:2999: gcc  -c -g -O2  conftest.c >&5
configure:2999: $? = 0
configure:3012: result: none needed
configure:3033: checking whether gcc and cc understand -c and -o together
configure:3064: gcc -c conftest.c -o conftest2.o >&5
configure:3068: $? = 0
configure:3074: gcc -c conftest.c -o conftest2.o >&5
configure:3078: $? = 0
configure:3089: cc -c conftest.c >&5
configure:3093: $? = 0
configure:3101: cc -c conftest.c -o conftest2.o >&5
configure:3105: $? = 0
configure:3111: cc -c conftest.c -o conftest2.o >&5
configure:3115: $? = 0
configure:3133: result: yes
configure:3206: checking for a BSD-compatible install
configure:3274: result: /usr/bin/install -c
configure:3285: checking whether build environment is sane
configure:3335: result: yes
configure:3360: WARNING: `missing' script is too old or missing
configure:3473: checking for a thread-safe mkdir -p
configure:3512: result: /usr/bin/mkdir -p
configure:3525: checking for gawk
configure:3541: found /usr/bin/gawk
configure:3552: result: gawk
configure:3563: checking whether make sets $(MAKE)
configure:3585: result: yes
configure:3615: checking for style of include used by make
configure:3643: result: GNU
configure:3729: checking dependency style of gcc
configure:3840: result: gcc3
configure:3885: checking build system type
configure:3899: result: x86_64-unknown-linux-gnu
configure:3919: checking host system type
configure:3932: result: x86_64-unknown-linux-gnu
configure:3973: checking how to print strings
configure:4000: result: printf
configure:4021: checking for a sed that does not truncate output
configure:4085: result: /usr/bin/sed
configure:4103: checking for grep that handles long lines and -e
configure:4161: result: /usr/bin/grep
configure:4166: checking for egrep
configure:4228: result: /usr/bin/grep -E
configure:4233: checking for fgrep
configure:4295: result: /usr/bin/grep -F
configure:4330: checking for ld used by gcc
configure:4397: result: /usr/bin/ld
configure:4404: checking if the linker (/usr/bin/ld) is GNU ld
configure:4419: result: yes
configure:4431: checking for BSD- or MS-compatible name lister (nm)
configure:4480: result: /usr/bin/nm -B
configure:4610: checking the name lister (/usr/bin/nm -B) interface
configure:4617: gcc -c -g -O2  conftest.c >&5
configure:4620: /usr/bin/nm -B "conftest.o"
configure:4623: output
0000000000000000 B some_variable
configure:4630: result: BSD nm
configure:4633: checking whether ln -s works
configure:4637: result: yes
configure:4645: checking the maximum length of command line arguments
configure:4775: result: 1572864
configure:4792: checking whether the shell understands some XSI constructs
configure:4802: result: yes
configure:4806: checking whether the shell understands "+="
configure:4812: result: yes
configure:4847: checking how to convert x86_64-unknown-linux-gnu file names to x86_64-unknown-linux-gnu format
configure:4887: result: func_convert_file_noop
configure:4894: checking how to convert x86_64-unknown-linux-gnu file names to toolchain format
configure:4914: result: func_convert_file_noop
configure:4921: checking for /usr/bin/ld option to reload object files
configure:4928: result: -r
configure:5002: checking for objdump
configure:5018: found /usr/bin/objdump
configure:5029: result: objdump
configure:5061: checking how to recognize dependent libraries
configure:5263: result: pass_all
configure:5348: checking for dlltool
configure:5378: result: no
configure:5408: checking how to associate runtime and link libraries
configure:5435: result: printf %s\n
configure:5496: checking for ar
configure:5512: found /usr/bin/ar
configure:5523: result: ar
configure:5560: checking for archiver @FILE support
configure:5577: gcc -c -g -O2  conftest.c >&5
configure:5577: $? = 0
configure:5580: ar cru libconftest.a @conftest.lst >&5
configure:5583: $? = 0
configure:5588: ar cru libconftest.a @conftest.lst >&5
ar: conftest.o: No such file or directory
configure:5591: $? = 1
configure:5603: result: @
configure:5661: checking for strip
configure:5677: found /usr/bin/strip
configure:5688: result: strip
configure:5760: checking for ranlib
configure:5776: found /usr/bin/ranlib
configure:5787: result: ranlib
configure:5889: checking command to parse /usr/bin/nm -B output from gcc object
configure:6009: gcc -c -g -O2  conftest.c >&5
configure:6012: $? = 0
configure:6016: /usr/bin/nm -B conftest.o \| sed -n -e 's/^.*[ ]\([ABCDGIRSTW][ABCDGIRSTW]*\)[ ][ ]*\([_A-Za-z][_A-Za-z0-9]*\)$/\1 \2 \2/p' | sed '/ __gnu_lto/d' \> conftest.nm
configure:6019: $? = 0
configure:6085: gcc -o conftest -g -O2   conftest.c conftstm.o >&5
configure:6088: $? = 0
configure:6126: result: ok
configure:6163: checking for sysroot
configure:6193: result: no
configure:6270: gcc -c -g -O2  conftest.c >&5
configure:6273: $? = 0
configure:6449: checking for mt
configure:6479: result: no
configure:6499: checking if : is a manifest tool
configure:6505: : '-?'
configure:6513: result: no
configure:7155: checking how to run the C preprocessor
configure:7186: gcc -E  conftest.c
configure:7186: $? = 0
configure:7200: gcc -E  conftest.c
conftest.c:11:28: fatal error: ac_nonexistent.h: No such file or directory
compilation terminated.
configure:7200: $? = 1
configure: failed program was:
| /* confdefs.h */
| #define PACKAGE_NAME "mymem"
| #define PACKAGE_TARNAME "mymem"
| #define PACKAGE_VERSION "1.0"
| #define PACKAGE_STRING "mymem 1.0"
| #define PACKAGE_BUGREPORT "piotr.turu.turek@gmail.com"
| #define PACKAGE_URL ""
| #define PACKAGE "mymem"
| #define VERSION "1.0"
| /* end confdefs.h.  */
| #include <ac_nonexistent.h>
configure:7225: result: gcc -E
configure:7245: gcc -E  conftest.c
configure:7245: $? = 0
configure:7259: gcc -E  conftest.c
conftest.c:11:28: fatal error: ac_nonexistent.h: No such file or directory
compilation terminated.
configure:7259: $? = 1
configure: failed program was:
| /* confdefs.h */
| #define PACKAGE_NAME "mymem"
| #define PACKAGE_TARNAME "mymem"
| #define PACKAGE_VERSION "1.0"
| #define PACKAGE_STRING "mymem 1.0"
| #define PACKAGE_BUGREPORT "piotr.turu.turek@gmail.com"
| #define PACKAGE_URL ""
| #define PACKAGE "mymem"
| #define VERSION "1.0"
| /* end confdefs.h.  */
| #include <ac_nonexistent.h>
configure:7288: checking for ANSI C header files
configure:7308: gcc -c -g -O2  conftest.c >&5
configure:7308: $? = 0
configure:7381: gcc -o conftest -g -O2   conftest.c  >&5
configure:7381: $? = 0
configure:7381: ./conftest
configure:7381: $? = 0
configure:7392: result: yes
configure:7405: checking for sys/types.h
configure:7405: gcc -c -g -O2  conftest.c >&5
configure:7405: $? = 0
configure:7405: result: yes
configure:7405: checking for sys/stat.h
configure:7405: gcc -c -g -O2  conftest.c >&5
configure:7405: $? = 0
configure:7405: result: yes
configure:7405: checking for stdlib.h
configure:7405: gcc -c -g -O2  conftest.c >&5
configure:7405: $? = 0
configure:7405: result: yes
configure:7405: checking for string.h
configure:7405: gcc -c -g -O2  conftest.c >&5
configure:7405: $? = 0
configure:7405: result: yes
configure:7405: checking for memory.h
configure:7405: gcc -c -g -O2  conftest.c >&5
configure:7405: $? = 0
configure:7405: result: yes
configure:7405: checking for strings.h
configure:7405: gcc -c -g -O2  conftest.c >&5
configure:7405: $? = 0
configure:7405: result: yes
configure:7405: checking for inttypes.h
configure:7405: gcc -c -g -O2  conftest.c >&5
configure:7405: $? = 0
configure:7405: result: yes
configure:7405: checking for stdint.h
configure:7405: gcc -c -g -O2  conftest.c >&5
configure:7405: $? = 0
configure:7405: result: yes
configure:7405: checking for unistd.h
configure:7405: gcc -c -g -O2  conftest.c >&5
configure:7405: $? = 0
configure:7405: result: yes
configure:7419: checking for dlfcn.h
configure:7419: gcc -c -g -O2  conftest.c >&5
configure:7419: $? = 0
configure:7419: result: yes
configure:7625: checking for objdir
configure:7640: result: .libs
configure:7907: checking if gcc supports -fno-rtti -fno-exceptions
configure:7925: gcc -c -g -O2  -fno-rtti -fno-exceptions conftest.c >&5
cc1: warning: command line option '-fno-rtti' is valid for C++/ObjC++ but not for C [enabled by default]
configure:7929: $? = 0
configure:7942: result: no
configure:8269: checking for gcc option to produce PIC
configure:8276: result: -fPIC -DPIC
configure:8284: checking if gcc PIC flag -fPIC -DPIC works
configure:8302: gcc -c -g -O2  -fPIC -DPIC -DPIC conftest.c >&5
configure:8306: $? = 0
configure:8319: result: yes
configure:8348: checking if gcc static flag -static works
configure:8376: result: yes
configure:8391: checking if gcc supports -c -o file.o
configure:8412: gcc -c -g -O2  -o out/conftest2.o conftest.c >&5
configure:8416: $? = 0
configure:8438: result: yes
configure:8446: checking if gcc supports -c -o file.o
configure:8493: result: yes
configure:8526: checking whether the gcc linker (/usr/bin/ld -m elf_x86_64) supports shared libraries
configure:9679: result: yes
configure:9716: checking whether -lc should be explicitly linked in
configure:9724: gcc -c -g -O2  conftest.c >&5
configure:9727: $? = 0
configure:9742: gcc -shared  -fPIC -DPIC conftest.o  -v -Wl,-soname -Wl,conftest -o conftest 2\>\&1 \| /usr/bin/grep  -lc  \>/dev/null 2\>\&1
configure:9745: $? = 0
configure:9759: result: no
configure:9919: checking dynamic linker characteristics
configure:10430: gcc -o conftest -g -O2   -Wl,-rpath -Wl,/foo conftest.c  >&5
configure:10430: $? = 0
configure:10656: result: GNU/Linux ld.so
configure:10763: checking how to hardcode library paths into programs
configure:10788: result: immediate
configure:11328: checking whether stripping libraries is possible
configure:11333: result: yes
configure:11368: checking if libtool supports shared libraries
configure:11370: result: yes
configure:11373: checking whether to build shared libraries
configure:11394: result: yes
configure:11397: checking whether to build static libraries
configure:11401: result: yes
configure:11483: checking for ranlib
configure:11510: result: ranlib
configure:11539: checking limits.h usability
configure:11539: gcc -c -g -O2  conftest.c >&5
configure:11539: $? = 0
configure:11539: result: yes
configure:11539: checking limits.h presence
configure:11539: gcc -E  conftest.c
configure:11539: $? = 0
configure:11539: result: yes
configure:11539: checking for limits.h
configure:11539: result: yes
configure:11539: checking for stdlib.h
configure:11539: result: yes
configure:11539: checking for string.h
configure:11539: result: yes
configure:11551: checking for size_t
configure:11551: gcc -c -g -O2  conftest.c >&5
configure:11551: $? = 0
configure:11551: gcc -c -g -O2  conftest.c >&5
conftest.c: In function 'main':
conftest.c:62:21: error: expected expression before ')' token
configure:11551: $? = 1
configure: failed program was:
| /* confdefs.h */
| #define PACKAGE_NAME "mymem"
| #define PACKAGE_TARNAME "mymem"
| #define PACKAGE_VERSION "1.0"
| #define PACKAGE_STRING "mymem 1.0"
| #define PACKAGE_BUGREPORT "piotr.turu.turek@gmail.com"
| #define PACKAGE_URL ""
| #define PACKAGE "mymem"
| #define VERSION "1.0"
| #define STDC_HEADERS 1
| #define HAVE_SYS_TYPES_H 1
| #define HAVE_SYS_STAT_H 1
| #define HAVE_STDLIB_H 1
| #define HAVE_STRING_H 1
| #define HAVE_MEMORY_H 1
| #define HAVE_STRINGS_H 1
| #define HAVE_INTTYPES_H 1
| #define HAVE_STDINT_H 1
| #define HAVE_UNISTD_H 1
| #define HAVE_DLFCN_H 1
| #define LT_OBJDIR ".libs/"
| #define HAVE_LIMITS_H 1
| #define HAVE_STDLIB_H 1
| #define HAVE_STRING_H 1
| /* end confdefs.h.  */
| #include <stdio.h>
| #ifdef HAVE_SYS_TYPES_H
| # include <sys/types.h>
| #endif
| #ifdef HAVE_SYS_STAT_H
| # include <sys/stat.h>
| #endif
| #ifdef STDC_HEADERS
| # include <stdlib.h>
| # include <stddef.h>
| #else
| # ifdef HAVE_STDLIB_H
| #  include <stdlib.h>
| # endif
| #endif
| #ifdef HAVE_STRING_H
| # if !defined STDC_HEADERS && defined HAVE_MEMORY_H
| #  include <memory.h>
| # endif
| # include <string.h>
| #endif
| #ifdef HAVE_STRINGS_H
| # include <strings.h>
| #endif
| #ifdef HAVE_INTTYPES_H
| # include <inttypes.h>
| #endif
| #ifdef HAVE_STDINT_H
| # include <stdint.h>
| #endif
| #ifdef HAVE_UNISTD_H
| # include <unistd.h>
| #endif
| int
| main ()
| {
| if (sizeof ((size_t)))
| 	    return 0;
|   ;
|   return 0;
| }
configure:11551: result: yes
configure:11566: checking for stdlib.h
configure:11566: result: yes
configure:11576: checking for GNU libc compatible malloc
configure:11600: gcc -o conftest -g -O2   conftest.c  >&5
configure:11600: $? = 0
configure:11600: ./conftest
configure:11600: $? = 0
configure:11610: result: yes
configure:11633: checking for stdlib.h
configure:11633: result: yes
configure:11643: checking for GNU libc compatible realloc
configure:11667: gcc -o conftest -g -O2   conftest.c  >&5
configure:11667: $? = 0
configure:11667: ./conftest
configure:11667: $? = 0
configure:11677: result: yes
configure:11725: result: Defaulting to MIN_ALLOC
configure:11757: result: Defaulting to BLOCK_SIZE = 1
configure:11895: creating ./config.status

## ---------------------- ##
## Running config.status. ##
## ---------------------- ##

This file was extended by mymem config.status 1.0, which was
generated by GNU Autoconf 2.68.  Invocation command line was

  CONFIG_FILES    = 
  CONFIG_HEADERS  = 
  CONFIG_LINKS    = 
  CONFIG_COMMANDS = 
  $ ./config.status 

on turu.linux

config.status:1100: creating Makefile
config.status:1100: creating src/Makefile
config.status:1100: creating src/include/Makefile
config.status:1100: creating src/internals/Makefile
config.status:1100: creating config.h
config.status:1329: executing depfiles commands
config.status:1329: executing libtool commands

## ---------------- ##
## Cache variables. ##
## ---------------- ##

ac_cv_build=x86_64-unknown-linux-gnu
ac_cv_c_compiler_gnu=yes
ac_cv_env_CC_set=
ac_cv_env_CC_value=
ac_cv_env_CFLAGS_set=
ac_cv_env_CFLAGS_value=
ac_cv_env_CPPFLAGS_set=
ac_cv_env_CPPFLAGS_value=
ac_cv_env_CPP_set=
ac_cv_env_CPP_value=
ac_cv_env_LDFLAGS_set=
ac_cv_env_LDFLAGS_value=
ac_cv_env_LIBS_set=
ac_cv_env_LIBS_value=
ac_cv_env_build_alias_set=
ac_cv_env_build_alias_value=
ac_cv_env_host_alias_set=
ac_cv_env_host_alias_value=
ac_cv_env_target_alias_set=
ac_cv_env_target_alias_value=
ac_cv_func_malloc_0_nonnull=yes
ac_cv_func_realloc_0_nonnull=yes
ac_cv_header_dlfcn_h=yes
ac_cv_header_inttypes_h=yes
ac_cv_header_limits_h=yes
ac_cv_header_memory_h=yes
ac_cv_header_stdc=yes
ac_cv_header_stdint_h=yes
ac_cv_header_stdlib_h=yes
ac_cv_header_string_h=yes
ac_cv_header_strings_h=yes
ac_cv_header_sys_stat_h=yes
ac_cv_header_sys_types_h=yes
ac_cv_header_unistd_h=yes
ac_cv_host=x86_64-unknown-linux-gnu
ac_cv_objext=o
ac_cv_path_EGREP='/usr/bin/grep -E'
ac_cv_path_FGREP='/usr/bin/grep -F'
ac_cv_path_GREP=/usr/bin/grep
ac_cv_path_SED=/usr/bin/sed
ac_cv_path_install='/usr/bin/install -c'
ac_cv_path_mkdir=/usr/bin/mkdir
ac_cv_prog_AWK=gawk
ac_cv_prog_CPP='gcc -E'
ac_cv_prog_ac_ct_AR=ar
ac_cv_prog_ac_ct_CC=gcc
ac_cv_prog_ac_ct_OBJDUMP=objdump
ac_cv_prog_ac_ct_RANLIB=ranlib
ac_cv_prog_ac_ct_STRIP=strip
ac_cv_prog_cc_c89=
ac_cv_prog_cc_g=yes
ac_cv_prog_cc_gcc_c_o=yes
ac_cv_prog_make_make_set=yes
ac_cv_type_size_t=yes
am_cv_CC_dependencies_compiler_type=gcc3
lt_cv_ar_at_file=@
lt_cv_archive_cmds_need_lc=no
lt_cv_deplibs_check_method=pass_all
lt_cv_file_magic_cmd='$MAGIC_CMD'
lt_cv_file_magic_test_file=
lt_cv_ld_reload_flag=-r
lt_cv_nm_interface='BSD nm'
lt_cv_objdir=.libs
lt_cv_path_LD=/usr/bin/ld
lt_cv_path_NM='/usr/bin/nm -B'
lt_cv_path_mainfest_tool=no
lt_cv_prog_compiler_c_o=yes
lt_cv_prog_compiler_pic='-fPIC -DPIC'
lt_cv_prog_compiler_pic_works=yes
lt_cv_prog_compiler_rtti_exceptions=no
lt_cv_prog_compiler_static_works=yes
lt_cv_prog_gnu_ld=yes
lt_cv_sharedlib_from_linklib_cmd='printf %s\n'
lt_cv_shlibpath_overrides_runpath=no
lt_cv_sys_global_symbol_pipe='sed -n -e '\''s/^.*[	 ]\([ABCDGIRSTW][ABCDGIRSTW]*\)[	 ][	 ]*\([_A-Za-z][_A-Za-z0-9]*\)$/\1 \2 \2/p'\'' | sed '\''/ __gnu_lto/d'\'''
lt_cv_sys_global_symbol_to_c_name_address='sed -n -e '\''s/^: \([^ ]*\)[ ]*$/  {\"\1\", (void *) 0},/p'\'' -e '\''s/^[ABCDGIRSTW]* \([^ ]*\) \([^ ]*\)$/  {"\2", (void *) \&\2},/p'\'''
lt_cv_sys_global_symbol_to_c_name_address_lib_prefix='sed -n -e '\''s/^: \([^ ]*\)[ ]*$/  {\"\1\", (void *) 0},/p'\'' -e '\''s/^[ABCDGIRSTW]* \([^ ]*\) \(lib[^ ]*\)$/  {"\2", (void *) \&\2},/p'\'' -e '\''s/^[ABCDGIRSTW]* \([^ ]*\) \([^ ]*\)$/  {"lib\2", (void *) \&\2},/p'\'''
lt_cv_sys_global_symbol_to_cdecl='sed -n -e '\''s/^T .* \(.*\)$/extern int \1();/p'\'' -e '\''s/^[ABCDGIRSTW]* .* \(.*\)$/extern char \1;/p'\'''
lt_cv_sys_max_cmd_len=1572864
lt_cv_to_host_file_cmd=func_convert_file_noop
lt_cv_to_tool_file_cmd=func_convert_file_noop

## ----------------- ##
## Output variables. ##
## ----------------- ##

ACLOCAL='aclocal-1.11'
AMDEPBACKSLASH='\'
AMDEP_FALSE='#'
AMDEP_TRUE=''
AMTAR='$${TAR-tar}'
AR='ar'
AUTOCONF='autoconf'
AUTOHEADER='autoheader'
AUTOMAKE='automake-1.11'
AWK='gawk'
CC='gcc'
CCDEPMODE='depmode=gcc3'
CFLAGS='-g -O2'
CPP='gcc -E'
CPPFLAGS=''
CYGPATH_W='echo'
DEFS='-DHAVE_CONFIG_H'
DEPDIR='.deps'
DLLTOOL='false'
DSYMUTIL=''
DUMPBIN=''
ECHO_C=''
ECHO_N='-n'
ECHO_T=''
EGREP='/usr/bin/grep -E'
EXEEXT=''
FGREP='/usr/bin/grep -F'
GREP='/usr/bin/grep'
INSTALL_DATA='${INSTALL} -m 644'
INSTALL_PROGRAM='${INSTALL}'
INSTALL_SCRIPT='${INSTALL}'
INSTALL_STRIP_PROGRAM='$(install_sh) -c -s'
LD='/usr/bin/ld -m elf_x86_64'
LDFLAGS=''
LIBOBJS=''
LIBS=''
LIBTOOL='$(SHELL) $(top_builddir)/libtool'
LIPO=''
LN_S='ln -s'
LTLIBOBJS=''
MAKEINFO='makeinfo'
MANIFEST_TOOL=':'
MKDIR_P='/usr/bin/mkdir -p'
NM='/usr/bin/nm -B'
NMEDIT=''
OBJDUMP='objdump'
OBJEXT='o'
OTOOL64=''
OTOOL=''
PACKAGE='mymem'
PACKAGE_BUGREPORT='piotr.turu.turek@gmail.com'
PACKAGE_NAME='mymem'
PACKAGE_STRING='mymem 1.0'
PACKAGE_TARNAME='mymem'
PACKAGE_URL=''
PACKAGE_VERSION='1.0'
PATH_SEPARATOR=':'
RANLIB='ranlib'
SED='/usr/bin/sed'
SET_MAKE=''
SHELL='/bin/sh'
STRIP='strip'
VERSION='1.0'
ac_ct_AR='ar'
ac_ct_CC='gcc'
ac_ct_DUMPBIN=''
am__EXEEXT_FALSE=''
am__EXEEXT_TRUE='#'
am__fastdepCC_FALSE='#'
am__fastdepCC_TRUE=''
am__include='include'
am__isrc=''
am__leading_dot='.'
am__nodep='_no'
am__quote=''
am__tar='$${TAR-tar} chof - "$$tardir"'
am__untar='$${TAR-tar} xf -'
bindir='${exec_prefix}/bin'
build='x86_64-unknown-linux-gnu'
build_alias=''
build_cpu='x86_64'
build_os='linux-gnu'
build_vendor='unknown'
datadir='${datarootdir}'
datarootdir='${prefix}/share'
docdir='${datarootdir}/doc/${PACKAGE_TARNAME}'
dvidir='${docdir}'
exec_prefix='${prefix}'
host='x86_64-unknown-linux-gnu'
host_alias=''
host_cpu='x86_64'
host_os='linux-gnu'
host_vendor='unknown'
htmldir='${docdir}'
includedir='${prefix}/include'
infodir='${datarootdir}/info'
install_sh='${SHELL} /home/turu/install-sh'
libdir='${exec_prefix}/lib'
libexecdir='${exec_prefix}/libexec'
localedir='${datarootdir}/locale'
localstatedir='${prefix}/var'
mandir='${datarootdir}/man'
mkdir_p='/usr/bin/mkdir -p'
oldincludedir='/usr/include'
pdfdir='${docdir}'
prefix='/usr/local'
program_transform_name='s,x,x,'
psdir='${docdir}'
sbindir='${exec_prefix}/sbin'
sharedstatedir='${prefix}/com'
sysconfdir='${prefix}/etc'
target_alias=''

## ----------- ##
## confdefs.h. ##
## ----------- ##

/* confdefs.h */
#define PACKAGE_NAME "mymem"
#define PACKAGE_TARNAME "mymem"
#define PACKAGE_VERSION "1.0"
#define PACKAGE_STRING "mymem 1.0"
#define PACKAGE_BUGREPORT "piotr.turu.turek@gmail.com"
#define PACKAGE_URL ""
#define PACKAGE "mymem"
#define VERSION "1.0"
#define STDC_HEADERS 1
#define HAVE_SYS_TYPES_H 1
#define HAVE_SYS_STAT_H 1
#define HAVE_STDLIB_H 1
#define HAVE_STRING_H 1
#define HAVE_MEMORY_H 1
#define HAVE_STRINGS_H 1
#define HAVE_INTTYPES_H 1
#define HAVE_STDINT_H 1
#define HAVE_UNISTD_H 1
#define HAVE_DLFCN_H 1
#define LT_OBJDIR ".libs/"
#define HAVE_LIMITS_H 1
#define HAVE_STDLIB_H 1
#define HAVE_STRING_H 1
#define HAVE_STDLIB_H 1
#define HAVE_MALLOC 1
#define HAVE_STDLIB_H 1
#define HAVE_REALLOC 1
#define MIN_ALLOC /**/
#define BLOCK_SIZE 1

configure: exit 0
